# JRE version: OpenJDK Runtime Environment Temurin-17.0.4.1+1 (17.0.4.1+1) (build 17.0.4.1+1)
# Java VM: OpenJDK 64-Bit Server VM Temurin-17.0.4.1+1 (17.0.4.1+1, mixed mode, emulated-client, sharing, tiered, compressed oops, compressed class ptrs, g1 gc, windows-amd64)
GC Precious Log:
 CPUs: 8 total, 8 available
 Memory: 16158M
 Large Page Support: Disabled
 NUMA Support: Disabled
 Compressed Oops: Enabled (Zero based)
 Heap Region Size: 2M
 Heap Min Capacity: 8M
 Heap Initial Capacity: 254M
 Heap Max Capacity: 4040M
 Pre-touch: Disabled
 Parallel Workers: 8
 Concurrent Workers: 2
 Concurrent Refinement Workers: 8
 Periodic GC: Disabled
Heap:
 garbage-first heap   total 112640K, used 54100K [0x0000000703800000, 0x0000000800000000)
  region size 2048K, 17 young (34816K), 4 survivors (8192K)
 Metaspace       used 61827K, committed 62272K, reserved 1105920K
  class space    used 8693K, committed 8896K, reserved 1048576K
GC Heap History (20 events):
Event: 3.692 GC heap before
{Heap before GC invocations=8 (full 0):
 garbage-first heap   total 55296K, used 39732K [0x0000000703800000, 0x0000000800000000)
  region size 2048K, 13 young (26624K), 1 survivors (2048K)
 Metaspace       used 27255K, committed 27584K, reserved 1073152K
  class space    used 3676K, committed 3840K, reserved 1048576K
}
Event: 3.695 GC heap after
{Heap after GC invocations=9 (full 0):
 garbage-first heap   total 157696K, used 16576K [0x0000000703800000, 0x0000000800000000)
  region size 2048K, 2 young (4096K), 2 survivors (4096K)
 Metaspace       used 27255K, committed 27584K, reserved 1073152K
  class space    used 3676K, committed 3840K, reserved 1048576K
}
Event: 4.280 GC heap before
{Heap before GC invocations=9 (full 0):
 garbage-first heap   total 157696K, used 84160K [0x0000000703800000, 0x0000000800000000)
  region size 2048K, 36 young (73728K), 2 survivors (4096K)
 Metaspace       used 35767K, committed 36096K, reserved 1081344K
  class space    used 4746K, committed 4928K, reserved 1048576K
}
Event: 4.284 GC heap after
{Heap after GC invocations=10 (full 0):
 garbage-first heap   total 157696K, used 19235K [0x0000000703800000, 0x0000000800000000)
  region size 2048K, 3 young (6144K), 3 survivors (6144K)
 Metaspace       used 35767K, committed 36096K, reserved 1081344K
  class space    used 4746K, committed 4928K, reserved 1048576K
}
Event: 4.517 GC heap before
{Heap before GC invocations=11 (full 0):
 garbage-first heap   total 75776K, used 62243K [0x0000000703800000, 0x0000000800000000)
  region size 2048K, 25 young (51200K), 3 survivors (6144K)
 Metaspace       used 38829K, committed 39168K, reserved 1089536K
  class space    used 5186K, committed 5376K, reserved 1048576K
}
Event: 4.520 GC heap after
{Heap after GC invocations=12 (full 0):
 garbage-first heap   total 75776K, used 20531K [0x0000000703800000, 0x0000000800000000)
  region size 2048K, 4 young (8192K), 4 survivors (8192K)
 Metaspace       used 38829K, committed 39168K, reserved 1089536K
  class space    used 5186K, committed 5376K, reserved 1048576K
}
Event: 4.538 GC heap before
{Heap before GC invocations=12 (full 0):
 garbage-first heap   total 75776K, used 22579K [0x0000000703800000, 0x0000000800000000)
  region size 2048K, 5 young (10240K), 4 survivors (8192K)
 Metaspace       used 39048K, committed 39424K, reserved 1089536K
  class space    used 5225K, committed 5440K, reserved 1048576K
}
Event: 4.541 GC heap after
{Heap after GC invocations=13 (full 0):
 garbage-first heap   total 75776K, used 20923K [0x0000000703800000, 0x0000000800000000)
  region size 2048K, 1 young (2048K), 1 survivors (2048K)
 Metaspace       used 39048K, committed 39424K, reserved 1089536K
  class space    used 5225K, committed 5440K, reserved 1048576K
}
Event: 4.731 GC heap before
{Heap before GC invocations=13 (full 0):
 garbage-first heap   total 75776K, used 57787K [0x0000000703800000, 0x0000000800000000)
  region size 2048K, 19 young (38912K), 1 survivors (2048K)
 Metaspace       used 42608K, committed 43008K, reserved 1089536K
  class space    used 5879K, committed 6080K, reserved 1048576K
}
Event: 4.732 GC heap after
{Heap after GC invocations=14 (full 0):
 garbage-first heap   total 75776K, used 20814K [0x0000000703800000, 0x0000000800000000)
  region size 2048K, 1 young (2048K), 1 survivors (2048K)
 Metaspace       used 42608K, committed 43008K, reserved 1089536K
  class space    used 5879K, committed 6080K, reserved 1048576K
}
Event: 4.941 GC heap before
{Heap before GC invocations=14 (full 0):
 garbage-first heap   total 75776K, used 59726K [0x0000000703800000, 0x0000000800000000)
  region size 2048K, 20 young (40960K), 1 survivors (2048K)
 Metaspace       used 46483K, committed 46848K, reserved 1097728K
  class space    used 6424K, committed 6592K, reserved 1048576K
}
Event: 4.943 GC heap after
{Heap after GC invocations=15 (full 0):
 garbage-first heap   total 75776K, used 21488K [0x0000000703800000, 0x0000000800000000)
  region size 2048K, 1 young (2048K), 1 survivors (2048K)
 Metaspace       used 46483K, committed 46848K, reserved 1097728K
  class space    used 6424K, committed 6592K, reserved 1048576K
}
Event: 5.182 GC heap before
{Heap before GC invocations=15 (full 0):
 garbage-first heap   total 75776K, used 60400K [0x0000000703800000, 0x0000000800000000)
  region size 2048K, 20 young (40960K), 1 survivors (2048K)
 Metaspace       used 49681K, committed 50048K, reserved 1097728K
  class space    used 6959K, committed 7104K, reserved 1048576K
}
Event: 5.184 GC heap after
{Heap after GC invocations=16 (full 0):
 garbage-first heap   total 75776K, used 22854K [0x0000000703800000, 0x0000000800000000)
  region size 2048K, 2 young (4096K), 2 survivors (4096K)
 Metaspace       used 49681K, committed 50048K, reserved 1097728K
  class space    used 6959K, committed 7104K, reserved 1048576K
}
Event: 5.406 GC heap before
{Heap before GC invocations=16 (full 0):
 garbage-first heap   total 75776K, used 59718K [0x0000000703800000, 0x0000000800000000)
  region size 2048K, 20 young (40960K), 2 survivors (4096K)
 Metaspace       used 52703K, committed 53056K, reserved 1097728K
  class space    used 7389K, committed 7552K, reserved 1048576K
}
Event: 5.408 GC heap after
{Heap after GC invocations=17 (full 0):
 garbage-first heap   total 112640K, used 24052K [0x0000000703800000, 0x0000000800000000)
  region size 2048K, 2 young (4096K), 2 survivors (4096K)
 Metaspace       used 52703K, committed 53056K, reserved 1097728K
  class space    used 7389K, committed 7552K, reserved 1048576K
}
Event: 5.874 GC heap before
{Heap before GC invocations=17 (full 0):
 garbage-first heap   total 112640K, used 87540K [0x0000000703800000, 0x0000000800000000)
  region size 2048K, 33 young (67584K), 2 survivors (4096K)
 Metaspace       used 56557K, committed 56896K, reserved 1105920K
  class space    used 7977K, committed 8128K, reserved 1048576K
}
Event: 5.877 GC heap after
{Heap after GC invocations=18 (full 0):
 garbage-first heap   total 112640K, used 27305K [0x0000000703800000, 0x0000000800000000)
  region size 2048K, 4 young (8192K), 4 survivors (8192K)
 Metaspace       used 56557K, committed 56896K, reserved 1105920K
  class space    used 7977K, committed 8128K, reserved 1048576K
}
Event: 9.635 GC heap before
{Heap before GC invocations=18 (full 0):
 garbage-first heap   total 112640K, used 68265K [0x0000000703800000, 0x0000000800000000)
  region size 2048K, 25 young (51200K), 4 survivors (8192K)
 Metaspace       used 60272K, committed 60608K, reserved 1105920K
  class space    used 8477K, committed 8640K, reserved 1048576K
}
Event: 9.641 GC heap after
{Heap after GC invocations=19 (full 0):
 garbage-first heap   total 112640K, used 29524K [0x0000000703800000, 0x0000000800000000)
  region size 2048K, 4 young (8192K), 4 survivors (8192K)
 Metaspace       used 60272K, committed 60608K, reserved 1105920K
  class space    used 8477K, committed 8640K, reserved 1048576K
}

